<?xml version="1.0" encoding="UTF-8"?>
<testng-results ignored="0" total="2" passed="2" failed="0" skipped="0">
  <reporter-output>
  </reporter-output>
  <suite started-at="2024-12-05T18:11:52 EST" name="Suite" finished-at="2024-12-05T18:12:36 EST" duration-ms="44031">
    <groups>
    </groups>
    <test started-at="2024-12-05T18:11:52 EST" name="Test" finished-at="2024-12-05T18:12:36 EST" duration-ms="44031">
      <class name="Testcases.TC_001_Accregistration">
        <test-method is-config="true" signature="setup(java.lang.String,java.lang.String)[pri:0, instance:Testcases.TC_001_Accregistration@1869fbd2]" started-at="2024-12-05T18:11:52 EST" name="setup" finished-at="2024-12-05T18:12:24 EST" duration-ms="31958" status="PASS">
          <params>
            <param index="0">
              <value>
                <![CDATA[windows]]>
              </value>
            </param>
            <param index="1">
              <value>
                <![CDATA[chrome]]>
              </value>
            </param>
          </params>
          <reporter-output>
          </reporter-output>
        </test-method> <!-- setup -->
        <test-method signature="accountregistration()[pri:0, instance:Testcases.TC_001_Accregistration@1869fbd2]" started-at="2024-12-05T18:12:24 EST" name="accountregistration" finished-at="2024-12-05T18:12:25 EST" duration-ms="359" status="PASS">
          <reporter-output>
          </reporter-output>
        </test-method> <!-- accountregistration -->
        <test-method is-config="true" signature="teradown()[pri:0, instance:Testcases.TC_001_Accregistration@1869fbd2]" started-at="2024-12-05T18:12:25 EST" name="teradown" finished-at="2024-12-05T18:12:25 EST" duration-ms="144" status="PASS">
          <reporter-output>
          </reporter-output>
        </test-method> <!-- teradown -->
      </class> <!-- Testcases.TC_001_Accregistration -->
      <class name="Testcases.TC_002_Login">
        <test-method is-config="true" signature="setup(java.lang.String,java.lang.String)[pri:0, instance:Testcases.TC_002_Login@1046d517]" started-at="2024-12-05T18:12:25 EST" name="setup" finished-at="2024-12-05T18:12:32 EST" duration-ms="7361" status="PASS">
          <params>
            <param index="0">
              <value>
                <![CDATA[windows]]>
              </value>
            </param>
            <param index="1">
              <value>
                <![CDATA[chrome]]>
              </value>
            </param>
          </params>
          <reporter-output>
          </reporter-output>
        </test-method> <!-- setup -->
        <test-method signature="login()[pri:0, instance:Testcases.TC_002_Login@1046d517]" started-at="2024-12-05T18:12:32 EST" name="login" finished-at="2024-12-05T18:12:36 EST" duration-ms="3664" status="PASS">
          <reporter-output>
          </reporter-output>
        </test-method> <!-- login -->
        <test-method is-config="true" signature="teradown()[pri:0, instance:Testcases.TC_002_Login@1046d517]" started-at="2024-12-05T18:12:36 EST" name="teradown" finished-at="2024-12-05T18:12:36 EST" duration-ms="155" status="PASS">
          <reporter-output>
          </reporter-output>
        </test-method> <!-- teradown -->
      </class> <!-- Testcases.TC_002_Login -->
    </test> <!-- Test -->
  </suite> <!-- Suite -->
</testng-results>
