<?xml version="1.0" encoding="UTF-8"?>
<testng-results ignored="0" total="2" passed="2" failed="0" skipped="0">
  <reporter-output>
  </reporter-output>
  <suite started-at="2024-12-02T16:27:25 EST" name="Suite" finished-at="2024-12-02T16:27:43 EST" duration-ms="17452">
    <groups>
    </groups>
    <test started-at="2024-12-02T16:27:25 EST" name="Test" finished-at="2024-12-02T16:27:43 EST" duration-ms="17452">
      <class name="Testcases.TC_001_Accregistration">
        <test-method is-config="true" signature="setup(java.lang.String,java.lang.String)[pri:0, instance:Testcases.TC_001_Accregistration@6436a7db]" started-at="2024-12-02T16:27:26 EST" name="setup" finished-at="2024-12-02T16:27:32 EST" duration-ms="6476" status="PASS">
          <params>
            <param index="0">
              <value>
                <![CDATA[windows]]>
              </value>
            </param>
            <param index="1">
              <value>
                <![CDATA[chrome]]>
              </value>
            </param>
          </params>
          <reporter-output>
          </reporter-output>
        </test-method> <!-- setup -->
        <test-method signature="accountregistration()[pri:0, instance:Testcases.TC_001_Accregistration@6436a7db]" started-at="2024-12-02T16:27:32 EST" name="accountregistration" finished-at="2024-12-02T16:27:32 EST" duration-ms="229" status="PASS">
          <reporter-output>
          </reporter-output>
        </test-method> <!-- accountregistration -->
        <test-method is-config="true" signature="teradown()[pri:0, instance:Testcases.TC_001_Accregistration@6436a7db]" started-at="2024-12-02T16:27:32 EST" name="teradown" finished-at="2024-12-02T16:27:33 EST" duration-ms="111" status="PASS">
          <reporter-output>
          </reporter-output>
        </test-method> <!-- teradown -->
      </class> <!-- Testcases.TC_001_Accregistration -->
      <class name="Testcases.TC_002_Login">
        <test-method is-config="true" signature="setup(java.lang.String,java.lang.String)[pri:0, instance:Testcases.TC_002_Login@1afdd473]" started-at="2024-12-02T16:27:33 EST" name="setup" finished-at="2024-12-02T16:27:39 EST" duration-ms="6764" status="PASS">
          <params>
            <param index="0">
              <value>
                <![CDATA[windows]]>
              </value>
            </param>
            <param index="1">
              <value>
                <![CDATA[chrome]]>
              </value>
            </param>
          </params>
          <reporter-output>
          </reporter-output>
        </test-method> <!-- setup -->
        <test-method signature="login()[pri:0, instance:Testcases.TC_002_Login@1afdd473]" started-at="2024-12-02T16:27:39 EST" name="login" finished-at="2024-12-02T16:27:43 EST" duration-ms="3499" status="PASS">
          <reporter-output>
          </reporter-output>
        </test-method> <!-- login -->
        <test-method is-config="true" signature="teradown()[pri:0, instance:Testcases.TC_002_Login@1afdd473]" started-at="2024-12-02T16:27:43 EST" name="teradown" finished-at="2024-12-02T16:27:43 EST" duration-ms="107" status="PASS">
          <reporter-output>
          </reporter-output>
        </test-method> <!-- teradown -->
      </class> <!-- Testcases.TC_002_Login -->
    </test> <!-- Test -->
  </suite> <!-- Suite -->
</testng-results>
